#
# A fatal error has been detected by the Java Runtime Environment:
#
#  EXCEPTION_ACCESS_VIOLATION (0xc0000005) at pc=0x0000000057d42dfe, pid=4308, tid=9400
#
# JRE version: 7.0_02-b13
# Java VM: Java HotSpot(TM) 64-Bit Server VM (22.0-b10 mixed mode windows-amd64 compressed oops)
# Problematic frame:
# V  [jvm.dll+0xb2dfe]
#
# Failed to write core dump. Minidumps are not enabled by default on client versions of Windows
#
# If you would like to submit a bug report, please visit:
#   http://bugreport.sun.com/bugreport/crash.jsp
#

---------------  T H R E A D  ---------------

Current thread (0x00000000023c4000):  GCTaskThread [stack: 0x0000000005fe0000,0x00000000060e0000] [id=9400]

siginfo: ExceptionCode=0xc0000005, reading address 0x0000200000000000

Registers:
RAX=0x00000000023ba301, RBX=0x000000009cab12d0, RCX=0x000000000529e000, RDX=0x00000000004e5589
RSP=0x00000000060dfb20, RBP=0x0000000002463690, RSI=0x000000009cab1188, RDI=0x0000000000000009
R8 =0x0000200000000000, R9 =0x0000000000000004, R10=0x0000000000000001, R11=0xffffffffffd7e000
R12=0x00000000057838f0, R13=0x0000000000000010, R14=0x0000000005783587, R15=0x0000000002463690
RIP=0x0000000057d42dfe, EFLAGS=0x0000000000010202

Top of Stack: (sp=0x00000000060dfb20)
0x00000000060dfb20:   000000009ca9fa98 000000009ca9fa98
0x00000000060dfb30:   0000000000000003 00000000057838f0
0x00000000060dfb40:   000000009cab1188 0000000057fbe74a
0x00000000060dfb50:   0000000005783598 000000000000000c
0x00000000060dfb60:   000000009cab2e70 000000009c873288
0x00000000060dfb70:   00000000023c4470 00000000023c4460
0x00000000060dfb80:   00000000023bff80 00000000023c4848
0x00000000060dfb90:   0000000002463690 0000000000000000
0x00000000060dfba0:   00000000023f3060 0000000057fd0da0
0x00000000060dfbb0:   00000000023ba3d0 000000000254ea60
0x00000000060dfbc0:   00000000581b6d98 000000009cb1e1a8
0x00000000060dfbd0:   0000000002463690 00000000581b6dd8
0x00000000060dfbe0:   00000000023f3060 0000000057fc0266
0x00000000060dfbf0:   00000000023c4000 00000000581b6dd8
0x00000000060dfc00:   0000000000000000 0000000000000000
0x00000000060dfc10:   00000000023c4000 00000000023bffb0 

Instructions: (pc=0x0000000057d42dfe)
0x0000000057d42dde:   00 48 89 5c 24 30 49 8d 58 28 4c 8b 03 4d 85 c0
0x0000000057d42dee:   74 69 4c 3b 05 a1 26 5c 00 0f 93 c0 84 c0 74 5b
0x0000000057d42dfe:   49 8b 00 24 03 3c 03 75 46 4d 8b 00 80 3d 86 fd
0x0000000057d42e0e:   56 00 00 74 0f 41 0f b6 c0 24 07 3c 05 75 05 45 


Register to memory mapping:

RAX=0x00000000023ba301 is an unknown value
RBX=0x000000009cab12d0 is an oop
{constant pool cache} 
 - klass: {other class}
RCX=0x000000000529e000 is an unknown value
RDX=0x00000000004e5589 is an unknown value
RSP=0x00000000060dfb20 is an unknown value
RBP=0x0000000002463690 is an unknown value
RSI=0x000000009cab1188 is an oop
{constant pool cache} 
 - klass: {other class}
RDI=0x0000000000000009 is an unknown value
R8 =0x0000200000000000 is an unknown value
R9 =0x0000000000000004 is an unknown value
R10=0x0000000000000001 is an unknown value
R11=0xffffffffffd7e000 is an unknown value
R12=0x00000000057838f0 is an unknown value
R13=0x0000000000000010 is an unknown value
R14=0x0000000005783587 is an unknown value
R15=0x0000000002463690 is an unknown value


Stack: [0x0000000005fe0000,0x00000000060e0000],  sp=0x00000000060dfb20,  free space=1022k
Native frames: (J=compiled Java code, j=interpreted, Vv=VM code, C=native code)
V  [jvm.dll+0xb2dfe]


---------------  P R O C E S S  ---------------

Java Threads: ( => current thread )
  0x0000000006398800 JavaThread "Service Thread" daemon [_thread_blocked, id=5720, stack(0x0000000006ff0000,0x00000000070f0000)]
  0x0000000006398000 JavaThread "C2 CompilerThread1" daemon [_thread_blocked, id=5040, stack(0x0000000007230000,0x0000000007330000)]
  0x0000000006394000 JavaThread "C2 CompilerThread0" daemon [_thread_blocked, id=6372, stack(0x00000000070f0000,0x00000000071f0000)]
  0x0000000006391000 JavaThread "Attach Listener" daemon [_thread_blocked, id=6668, stack(0x0000000006930000,0x0000000006a30000)]
  0x000000000638b800 JavaThread "Signal Dispatcher" daemon [_thread_blocked, id=2220, stack(0x0000000006ba0000,0x0000000006ca0000)]
  0x0000000002470800 JavaThread "Finalizer" daemon [_thread_blocked, id=6048, stack(0x0000000006e60000,0x0000000006f60000)]
  0x000000000246f000 JavaThread "Reference Handler" daemon [_thread_blocked, id=1892, stack(0x0000000006cb0000,0x0000000006db0000)]
  0x000000000254d000 JavaThread "main" [_thread_blocked, id=7904, stack(0x0000000002680000,0x0000000002780000)]

Other Threads:
  0x0000000002465800 VMThread [stack: 0x0000000006a70000,0x0000000006b70000] [id=1572]
  0x000000000639a000 WatcherThread [stack: 0x0000000007450000,0x0000000007550000] [id=8084]

=>0x00000000023c4000 (exited) GCTaskThread [stack: 0x0000000005fe0000,0x00000000060e0000] [id=9400]

VM state:at safepoint (normal execution)

VM Mutex/Monitor currently owned by a thread:  ([mutex/lock_event])
[0x000000000254b680] Threads_lock - owner thread: 0x0000000002465800
[0x000000000254bb80] Heap_lock - owner thread: 0x000000000254d000

Heap
 PSYoungGen      total 28224K, used 24192K [0x00000000e0760000, 0x00000000e26e0000, 0x0000000100000000)
  eden space 24192K, 100% used [0x00000000e0760000,0x00000000e1f00000,0x00000000e1f00000)
  from space 4032K, 0% used [0x00000000e22f0000,0x00000000e22f0000,0x00000000e26e0000)
  to   space 4032K, 32% used [0x00000000e1f00000,0x00000000e204c010,0x00000000e22f0000)
 PSOldGen        total 64640K, used 0K [0x00000000a1600000, 0x00000000a5520000, 0x00000000e0760000)
  object space 64640K, 0% used [0x00000000a1600000,0x00000000a1600000,0x00000000a5520000)
 PSPermGen       total 21248K, used 7288K [0x000000009c400000, 0x000000009d8c0000, 0x00000000a1600000)
  object space 21248K, 34% used [0x000000009c400000,0x000000009cb1e1a8,0x000000009d8c0000)

Code Cache  [0x0000000002780000, 0x00000000029f0000, 0x0000000005780000)
 total_blobs=300 nmethods=59 adapters=194 free_code_cache=48582Kb largest_free_block=49730048

Dynamic libraries:
0x000000013fcd0000 - 0x000000013fd03000 	C:\Program Files\Java\jdk1.7.0_02\bin\java.exe
0x00000000770e0000 - 0x0000000077289000 	C:\Windows\SYSTEM32\ntdll.dll
0x0000000076a00000 - 0x0000000076b1f000 	C:\Windows\system32\kernel32.dll
0x000007fefc8f0000 - 0x000007fefc95b000 	C:\Windows\system32\KERNELBASE.dll
0x000007fefdff0000 - 0x000007fefe0cb000 	C:\Windows\system32\ADVAPI32.dll
0x000007fefcc90000 - 0x000007fefcd2f000 	C:\Windows\system32\msvcrt.dll
0x000007fefcd80000 - 0x000007fefcd9f000 	C:\Windows\SYSTEM32\sechost.dll
0x000007fefe0d0000 - 0x000007fefe1fd000 	C:\Windows\system32\RPCRT4.dll
0x0000000076b20000 - 0x0000000076c1a000 	C:\Windows\system32\USER32.dll
0x000007fefddf0000 - 0x000007fefde57000 	C:\Windows\system32\GDI32.dll
0x000007fefdfe0000 - 0x000007fefdfee000 	C:\Windows\system32\LPK.dll
0x000007fefe370000 - 0x000007fefe439000 	C:\Windows\system32\USP10.dll
0x000007fefb280000 - 0x000007fefb474000 	C:\Windows\WinSxS\amd64_microsoft.windows.common-controls_6595b64144ccf1df_6.0.7601.17514_none_fa396087175ac9ac\COMCTL32.dll
0x000007fefdd70000 - 0x000007fefdde1000 	C:\Windows\system32\SHLWAPI.dll
0x000007fefe6c0000 - 0x000007fefe6ee000 	C:\Windows\system32\IMM32.DLL
0x000007fefe200000 - 0x000007fefe309000 	C:\Windows\system32\MSCTF.dll
0x000007fefc800000 - 0x000007fefc840000 	C:\Windows\system32\nvinitx.dll
0x000000005f260000 - 0x000000005f331000 	C:\Program Files\Java\jdk1.7.0_02\jre\bin\msvcr100.dll
0x0000000057c90000 - 0x000000005836a000 	C:\Program Files\Java\jdk1.7.0_02\jre\bin\server\jvm.dll
0x000007fef72b0000 - 0x000007fef72b9000 	C:\Windows\system32\WSOCK32.dll
0x000007fefcd30000 - 0x000007fefcd7d000 	C:\Windows\system32\WS2_32.dll
0x000007fefcfd0000 - 0x000007fefcfd8000 	C:\Windows\system32\NSI.dll
0x000007fefa920000 - 0x000007fefa95b000 	C:\Windows\system32\WINMM.dll
0x00000000772b0000 - 0x00000000772b7000 	C:\Windows\system32\PSAPI.DLL
0x0000000072f70000 - 0x0000000072f7f000 	C:\Program Files\Java\jdk1.7.0_02\jre\bin\verify.dll
0x00000000622f0000 - 0x0000000062318000 	C:\Program Files\Java\jdk1.7.0_02\jre\bin\java.dll
0x0000000071e30000 - 0x0000000071e45000 	C:\Program Files\Java\jdk1.7.0_02\jre\bin\zip.dll
0x0000000071e80000 - 0x0000000071e99000 	C:\Program Files\Java\jdk1.7.0_02\jre\bin\net.dll
0x000007fefc070000 - 0x000007fefc0c5000 	C:\Windows\system32\mswsock.dll
0x000007fefc060000 - 0x000007fefc067000 	C:\Windows\System32\wship6.dll
0x00000000644e0000 - 0x00000000644f1000 	C:\Program Files\Java\jdk1.7.0_02\jre\bin\nio.dll

VM Arguments:
jvm_args: -Dclassworlds.conf=C:\apache\maven\apache-maven-3.2.3\bin\..\bin\m2.conf -Dmaven.home=C:\apache\maven\apache-maven-3.2.3\bin\.. 
java_command: org.codehaus.plexus.classworlds.launcher.Launcher clean install
Launcher Type: SUN_STANDARD

Environment Variables:
JAVA_HOME=C:\Program Files\Java\jdk1.7.0_02
CLASSPATH=.;C:\tibcosoar\ems\7.0/lib/jms.jar;C:\tibcosoar\ems\7.0/lib/tibjms.jar;C:\tibcosoar\ems\7.0/lib/tibjmsufo.jar;C:\tibcosoar\ems\7.0/lib/tibcrypt.jar;C:\tibcosoar\ems\7.0/lib/tibjmsadmin.jar;C:\tibcosoar\ems\7.0/lib/slf4j-api-1.4.2.jar;C:\tibcosoar\ems\7.0/lib/slf4j-simple-1.4.2.jar
PATH=C:\oraclexe\app\oracle\product\10.2.0\server\Bin;C:\tibcosoar\as\2.1\lib;C:\tibcosoar\as\2.1\bin;C:\oraclexe\app\oracle\product\10.2.0\server\bin;C:\tibcosoar\tibrv\8.4\bin;C:\tibco\tibrv\8.2\bin;C:\tibco\tibrv\8.1\bin;C:\Program Files (x86)\NVIDIA Corporation\PhysX\Common;C:\Windows\system32;C:\Windows;C:\Windows\System32\Wbem;C:\Windows\System32\WindowsPowerShell\v1.0\;C:\Program Files\WIDCOMM\Bluetooth Software\;C:\Program Files\WIDCOMM\Bluetooth Software\syswow64;C:\Program Files\TortoiseSVN\bin;C:\xampp\php;4.940656E-324MS_HOME\bin;C:\Program Files (x86)\VisualSVN Server\bin;C:\Program Files (x86)\QuickTime\QTSystem\;C:\Program Files\Microsoft\Web Platform Installer\;C:\Program Files (x86)\Microsoft ASP.NET\ASP.NET Web Pages\v1.0\;C:\Program Files (x86)\Windows Kits\8.0\Windows Performance Toolkit\;C:\Program Files\Microsoft SQL Server\110\Tools\Binn\;C:\Program Files (x86)\Git\cmd;C:\Program Files\nodejs\;C:\Program Files (x86)\Heroku\bin;C:\Program Files (x86)\git\cmd;C:\tcc;C:\xampp\mysql\bin;C:\Program Files\Java\jdk1.7.0_02\bin;C:\apache-ant-1.8.3\bin;C:\tibcosoar\as\2.1\lib;C:\tibcosoar\ems\7.0\bin;C:\apache\maven\apache-maven-3.2.3\bin;C:\Users\Demetrious Zoello\AppData\Roaming\npm
USERNAME=Demetrious Zoello
OS=Windows_NT
PROCESSOR_IDENTIFIER=Intel64 Family 6 Model 42 Stepping 7, GenuineIntel



---------------  S Y S T E M  ---------------

OS: Windows 7 , 64 bit Build 7601 Service Pack 1

CPU:total 4 (2 cores per cpu, 2 threads per core) family 6 model 42 stepping 7, cmov, cx8, fxsr, mmx, sse, sse2, sse3, ssse3, sse4.1, sse4.2, popcnt, ht

Memory: 4k page, physical 6200096k(1863660k free), swap 8895476k(977964k free)

vm_info: Java HotSpot(TM) 64-Bit Server VM (22.0-b10) for windows-amd64 JRE (1.7.0_02-b13), built on Nov 17 2011 13:51:15 by "java_re" with unknown MS VC++:1600

time: Sun Sep 21 03:09:51 2014
elapsed time: 3 seconds

