#
# A fatal error has been detected by the Java Runtime Environment:
#
#  EXCEPTION_ACCESS_VIOLATION (0xc0000005) at pc=0x000000005fcfa809, pid=3708, tid=412
#
# JRE version: 7.0_02-b13
# Java VM: Java HotSpot(TM) 64-Bit Server VM (22.0-b10 mixed mode windows-amd64 compressed oops)
# Problematic frame:
# V  [jvm.dll+0x42a809]
#
# Failed to write core dump. Minidumps are not enabled by default on client versions of Windows
#
# If you would like to submit a bug report, please visit:
#   http://bugreport.sun.com/bugreport/crash.jsp
#

---------------  T H R E A D  ---------------

Current thread (0x000000000672c800):  JavaThread "C2 CompilerThread1" daemon [_thread_in_native, id=412, stack(0x00000000071a0000,0x00000000072a0000)]

siginfo: ExceptionCode=0xc0000005, reading address 0x000020000a492c44

Registers:
RAX=0xffffffffffffffff, RBX=0x000000000e113c20, RCX=0x0000000000000000, RDX=0x000000000000005f
RSP=0x000000000729c340, RBP=0x0000000000000000, RSI=0x0000000000000020, RDI=0x000020000a492c28
R8 =0x000000000a492ee0, R9 =0x000000000b38c1e8, R10=0x000000000ae98ca8, R11=0x000000000b7d7e70
R12=0x0000000000000000, R13=0x000000000b38c2d0, R14=0x000000000e105608, R15=0x000000000b38c1e8
RIP=0x000000005fcfa809, EFLAGS=0x0000000000010246

Top of Stack: (sp=0x000000000729c340)
0x000000000729c340:   000000000e113c20 0000000000000001
0x000000000729c350:   0000000000000008 000000005fcc904a
0x000000000729c360:   000000000e105608 0000000000000003
0x000000000729c370:   000000000729c9f0 0000000000000000
0x000000000729c380:   0000000000000035 000000005fcff828
0x000000000729c390:   000000000729c490 000000000daff040
0x000000000729c3a0:   000000000000001b 000000000000000e
0x000000000729c3b0:   0000000000001829 00000000000017ee
0x000000000729c3c0:   0000000000000000 00000000100a5a00
0x000000000729c3d0:   000000000729c580 0000000000000001
0x000000000729c3e0:   0000000000000001 000000000daff030
0x000000000729c3f0:   0000000200000000 0000000000000000
0x000000000729c400:   000000000baf40e0 ffffffffeff08be0
0x000000000729c410:   00000000100f75a0 0000000000000030
0x000000000729c420:   0000004000000030 0000000000000000
0x000000000729c430:   00000000100ab990 0000000000000003 

Instructions: (pc=0x000000005fcfa809)
0x000000005fcfa7e9:   6c 24 50 48 89 74 24 58 48 89 7c 24 60 4c 89 64
0x000000005fcfa7f9:   24 20 0f 1f 44 00 00 49 8b 7d 00 33 ed 45 33 e4
0x000000005fcfa809:   39 6f 1c 0f 86 b8 00 00 00 33 f6 4c 8b 47 08 49
0x000000005fcfa819:   8b 0c 30 49 3b ce 0f 85 96 00 00 00 3b 6f 18 73 


Register to memory mapping:

RAX=0xffffffffffffffff is an unknown value
RBX=0x000000000e113c20 is an unknown value
RCX=0x0000000000000000 is an unknown value
RDX=0x000000000000005f is an unknown value
RSP=0x000000000729c340 is pointing into the stack for thread: 0x000000000672c800
RBP=0x0000000000000000 is an unknown value
RSI=0x0000000000000020 is an unknown value
RDI=0x000020000a492c28 is an unknown value
R8 =0x000000000a492ee0 is an unknown value
R9 =0x000000000b38c1e8 is an unknown value
R10=0x000000000ae98ca8 is an unknown value
R11=0x000000000b7d7e70 is an unknown value
R12=0x0000000000000000 is an unknown value
R13=0x000000000b38c2d0 is an unknown value
R14=0x000000000e105608 is an unknown value
R15=0x000000000b38c1e8 is an unknown value


Stack: [0x00000000071a0000,0x00000000072a0000],  sp=0x000000000729c340,  free space=1008k
Native frames: (J=compiled Java code, j=interpreted, Vv=VM code, C=native code)
V  [jvm.dll+0x42a809]

[error occurred during error reporting (printing native stack), id 0xc0000005]


Current CompileTask:
C2:  70123 1093             org.springframework.asm.ClassReader::readCode (3263 bytes)


---------------  P R O C E S S  ---------------

Java Threads: ( => current thread )
  0x000000000a277800 JavaThread "HashSessionScavenger-1" daemon [_thread_blocked, id=5480, stack(0x000000000f700000,0x000000000f800000)]
  0x000000000b570800 JavaThread "Scanner-0" daemon [_thread_in_vm, id=4404, stack(0x000000000a100000,0x000000000a200000)]
  0x000000000e660800 JavaThread "StopJettyPluginMonitor" daemon [_thread_in_native, id=3292, stack(0x000000000f950000,0x000000000fa50000)]
  0x00000000086b6800 JavaThread "qtp769260690-18" [_thread_blocked, id=7516, stack(0x0000000009fe0000,0x000000000a0e0000)]
  0x00000000086b5800 JavaThread "qtp769260690-17" [_thread_blocked, id=8040, stack(0x0000000009810000,0x0000000009910000)]
  0x0000000008d16000 JavaThread "qtp769260690-16" [_thread_blocked, id=1256, stack(0x0000000009df0000,0x0000000009ef0000)]
  0x00000000084ce800 JavaThread "qtp769260690-15" [_thread_blocked, id=7932, stack(0x0000000009bc0000,0x0000000009cc0000)]
  0x0000000008c4c000 JavaThread "qtp769260690-14" [_thread_blocked, id=5188, stack(0x00000000095a0000,0x00000000096a0000)]
  0x000000000892c000 JavaThread "qtp769260690-13" [_thread_blocked, id=900, stack(0x0000000009a80000,0x0000000009b80000)]
  0x000000000892b800 JavaThread "qtp769260690-12 - Acceptor0 SelectChannelConnector@0.0.0.0:8080" [_thread_in_native, id=8776, stack(0x0000000009930000,0x0000000009a30000)]
  0x000000000892a800 JavaThread "qtp769260690-11" [_thread_blocked, id=1320, stack(0x00000000096e0000,0x00000000097e0000)]
  0x000000000672d800 JavaThread "Service Thread" daemon [_thread_blocked, id=4144, stack(0x00000000073f0000,0x00000000074f0000)]
=>0x000000000672c800 JavaThread "C2 CompilerThread1" daemon [_thread_in_native, id=412, stack(0x00000000071a0000,0x00000000072a0000)]
  0x0000000006718000 JavaThread "C2 CompilerThread0" daemon [_thread_blocked, id=8588, stack(0x00000000072e0000,0x00000000073e0000)]
  0x0000000006711000 JavaThread "Attach Listener" daemon [_thread_blocked, id=8052, stack(0x0000000007090000,0x0000000007190000)]
  0x000000000670c000 JavaThread "Signal Dispatcher" daemon [_thread_blocked, id=6756, stack(0x0000000006f60000,0x0000000007060000)]
  0x00000000023c4000 JavaThread "Finalizer" daemon [_thread_blocked, id=5896, stack(0x0000000006d30000,0x0000000006e30000)]
  0x00000000023bd000 JavaThread "Reference Handler" daemon [_thread_blocked, id=7392, stack(0x0000000006bd0000,0x0000000006cd0000)]
  0x000000000248d000 JavaThread "main" [_thread_blocked, id=3208, stack(0x00000000027e0000,0x00000000028e0000)]

Other Threads:
  0x00000000023b5800 VMThread [stack: 0x0000000006ad0000,0x0000000006bd0000] [id=8300]
  0x0000000006746000 WatcherThread [stack: 0x0000000007540000,0x0000000007640000] [id=4760]

VM state:not at safepoint (normal execution)

VM Mutex/Monitor currently owned by a thread: None

Heap
 PSYoungGen      total 392960K, used 326195K [0x00000000e0760000, 0x00000000ffb60000, 0x0000000100000000)
  eden space 354112K, 81% used [0x00000000e0760000,0x00000000f1ffdee8,0x00000000f6130000)
  from space 38848K, 99% used [0x00000000f6130000,0x00000000f871f090,0x00000000f8720000)
  to   space 48384K, 0% used [0x00000000fcc20000,0x00000000fcc20000,0x00000000ffb60000)
 PSOldGen        total 114432K, used 69825K [0x00000000a1600000, 0x00000000a85c0000, 0x00000000e0760000)
  object space 114432K, 61% used [0x00000000a1600000,0x00000000a5a30750,0x00000000a85c0000)
 PSPermGen       total 57984K, used 57980K [0x000000009c400000, 0x000000009fca0000, 0x00000000a1600000)
  object space 57984K, 99% used [0x000000009c400000,0x000000009fc9f3d0,0x000000009fca0000)

Code Cache  [0x00000000028e0000, 0x0000000002c70000, 0x00000000058e0000)
 total_blobs=1456 nmethods=993 adapters=413 free_code_cache=45625Kb largest_free_block=46659584

Dynamic libraries:
0x000000013fa50000 - 0x000000013fa83000 	C:\Program Files\Java\jdk1.7.0_02\bin\java.exe
0x00000000779c0000 - 0x0000000077b69000 	C:\Windows\SYSTEM32\ntdll.dll
0x00000000772e0000 - 0x00000000773ff000 	C:\Windows\system32\kernel32.dll
0x000007fefd1d0000 - 0x000007fefd23b000 	C:\Windows\system32\KERNELBASE.dll
0x000007fefeee0000 - 0x000007fefefbb000 	C:\Windows\system32\ADVAPI32.dll
0x000007fefd5e0000 - 0x000007fefd67f000 	C:\Windows\system32\msvcrt.dll
0x000007fefec40000 - 0x000007fefec5f000 	C:\Windows\SYSTEM32\sechost.dll
0x000007fefecd0000 - 0x000007fefedfd000 	C:\Windows\system32\RPCRT4.dll
0x00000000776b0000 - 0x00000000777aa000 	C:\Windows\system32\USER32.dll
0x000007fefec60000 - 0x000007fefecc7000 	C:\Windows\system32\GDI32.dll
0x000007fefdb10000 - 0x000007fefdb1e000 	C:\Windows\system32\LPK.dll
0x000007fefd510000 - 0x000007fefd5d9000 	C:\Windows\system32\USP10.dll
0x000007fefbd30000 - 0x000007fefbf24000 	C:\Windows\WinSxS\amd64_microsoft.windows.common-controls_6595b64144ccf1df_6.0.7601.17514_none_fa396087175ac9ac\COMCTL32.dll
0x000007fefdb20000 - 0x000007fefdb91000 	C:\Windows\system32\SHLWAPI.dll
0x000007fefdc00000 - 0x000007fefdc2e000 	C:\Windows\system32\IMM32.DLL
0x000007fefdcd0000 - 0x000007fefddd9000 	C:\Windows\system32\MSCTF.dll
0x000007fefd0e0000 - 0x000007fefd120000 	C:\Windows\system32\nvinitx.dll
0x00000000660c0000 - 0x0000000066191000 	C:\Program Files\Java\jdk1.7.0_02\jre\bin\msvcr100.dll
0x000000005f8d0000 - 0x000000005ffaa000 	C:\Program Files\Java\jdk1.7.0_02\jre\bin\server\jvm.dll
0x000007fef7700000 - 0x000007fef7709000 	C:\Windows\system32\WSOCK32.dll
0x000007fefebf0000 - 0x000007fefec3d000 	C:\Windows\system32\WS2_32.dll
0x000007fefefc0000 - 0x000007fefefc8000 	C:\Windows\system32\NSI.dll
0x000007fefabc0000 - 0x000007fefabfb000 	C:\Windows\system32\WINMM.dll
0x0000000077b80000 - 0x0000000077b87000 	C:\Windows\system32\PSAPI.DLL
0x0000000066230000 - 0x000000006623f000 	C:\Program Files\Java\jdk1.7.0_02\jre\bin\verify.dll
0x0000000066200000 - 0x0000000066228000 	C:\Program Files\Java\jdk1.7.0_02\jre\bin\java.dll
0x00000000661e0000 - 0x00000000661f5000 	C:\Program Files\Java\jdk1.7.0_02\jre\bin\zip.dll
0x00000000661c0000 - 0x00000000661d9000 	C:\Program Files\Java\jdk1.7.0_02\jre\bin\net.dll
0x000007fefc910000 - 0x000007fefc965000 	C:\Windows\system32\mswsock.dll
0x000007fefc900000 - 0x000007fefc907000 	C:\Windows\System32\wship6.dll
0x00000000661a0000 - 0x00000000661b1000 	C:\Program Files\Java\jdk1.7.0_02\jre\bin\nio.dll
0x000007fefc970000 - 0x000007fefc987000 	C:\Windows\system32\CRYPTSP.dll
0x000007fefc670000 - 0x000007fefc6b7000 	C:\Windows\system32\rsaenh.dll
0x000007fefc420000 - 0x000007fefc43e000 	C:\Windows\system32\USERENV.dll
0x000007fefd120000 - 0x000007fefd12f000 	C:\Windows\system32\profapi.dll
0x000007fefcfd0000 - 0x000007fefcfdf000 	C:\Windows\system32\CRYPTBASE.dll
0x000007fefaf90000 - 0x000007fefafa5000 	C:\Windows\system32\NLAapi.dll
0x000007fefb1e0000 - 0x000007fefb1f5000 	C:\Windows\system32\napinsp.dll
0x000007fefa9e0000 - 0x000007fefa9f9000 	C:\Windows\system32\pnrpnsp.dll
0x000007fefc790000 - 0x000007fefc7eb000 	C:\Windows\system32\DNSAPI.dll
0x000007fefa9d0000 - 0x000007fefa9db000 	C:\Windows\System32\winrnr.dll
0x000007fefa9c0000 - 0x000007fefa9d0000 	C:\Windows\system32\wshbth.dll
0x0000000074140000 - 0x0000000074166000 	C:\Program Files\Bonjour\mdnsNSP.dll
0x000007fef9a20000 - 0x000007fef9a47000 	C:\Windows\system32\Iphlpapi.DLL
0x000007fef9a10000 - 0x000007fef9a1b000 	C:\Windows\system32\WINNSI.DLL
0x000007fefc2f0000 - 0x000007fefc2f7000 	C:\Windows\System32\wshtcpip.dll
0x000007fef84b0000 - 0x000007fef84b8000 	C:\Windows\system32\rasadhlp.dll
0x000007fef9850000 - 0x000007fef98a3000 	C:\Windows\System32\fwpuclnt.dll
0x00000000677b0000 - 0x00000000677bb000 	C:\Program Files\Java\jdk1.7.0_02\jre\bin\management.dll
0x000007fef7f70000 - 0x000007fef8095000 	C:\Windows\system32\dbghelp.dll

VM Arguments:
jvm_args: -Dclassworlds.conf=C:\apache\maven\apache-maven-3.2.3\bin\..\bin\m2.conf -Dmaven.home=C:\apache\maven\apache-maven-3.2.3\bin\.. 
java_command: org.codehaus.plexus.classworlds.launcher.Launcher jetty:run
Launcher Type: SUN_STANDARD

Environment Variables:
JAVA_HOME=C:\Program Files\Java\jdk1.7.0_02
CLASSPATH=.;C:\tibcosoar\ems\7.0/lib/jms.jar;C:\tibcosoar\ems\7.0/lib/tibjms.jar;C:\tibcosoar\ems\7.0/lib/tibjmsufo.jar;C:\tibcosoar\ems\7.0/lib/tibcrypt.jar;C:\tibcosoar\ems\7.0/lib/tibjmsadmin.jar;C:\tibcosoar\ems\7.0/lib/slf4j-api-1.4.2.jar;C:\tibcosoar\ems\7.0/lib/slf4j-simple-1.4.2.jar
PATH=C:\oraclexe\app\oracle\product\10.2.0\server\Bin;C:\tibcosoar\as\2.1\lib;C:\tibcosoar\as\2.1\bin;C:\oraclexe\app\oracle\product\10.2.0\server\bin;C:\tibcosoar\tibrv\8.4\bin;C:\tibco\tibrv\8.2\bin;C:\tibco\tibrv\8.1\bin;C:\Program Files (x86)\NVIDIA Corporation\PhysX\Common;C:\Windows\system32;C:\Windows;C:\Windows\System32\Wbem;C:\Windows\System32\WindowsPowerShell\v1.0\;C:\Program Files\WIDCOMM\Bluetooth Software\;C:\Program Files\WIDCOMM\Bluetooth Software\syswow64;C:\Program Files\TortoiseSVN\bin;C:\xampp\php;4.940656E-324MS_HOME\bin;C:\Program Files (x86)\VisualSVN Server\bin;C:\Program Files (x86)\QuickTime\QTSystem\;C:\Program Files\Microsoft\Web Platform Installer\;C:\Program Files (x86)\Microsoft ASP.NET\ASP.NET Web Pages\v1.0\;C:\Program Files (x86)\Windows Kits\8.0\Windows Performance Toolkit\;C:\Program Files\Microsoft SQL Server\110\Tools\Binn\;C:\Program Files (x86)\Git\cmd;C:\Program Files\nodejs\;C:\Program Files (x86)\Heroku\bin;C:\Program Files (x86)\git\cmd;C:\tcc;C:\xampp\mysql\bin;C:\Program Files\Java\jdk1.7.0_02\bin;C:\apache-ant-1.8.3\bin;C:\tibcosoar\as\2.1\lib;C:\tibcosoar\ems\7.0\bin;C:\apache\maven\apache-maven-3.2.3\bin;C:\Users\Demetrious Zoello\AppData\Roaming\npm
USERNAME=Demetrious Zoello
OS=Windows_NT
PROCESSOR_IDENTIFIER=Intel64 Family 6 Model 42 Stepping 7, GenuineIntel



---------------  S Y S T E M  ---------------

OS: Windows 7 , 64 bit Build 7601 Service Pack 1

CPU:total 4 (2 cores per cpu, 2 threads per core) family 6 model 42 stepping 7, cmov, cx8, fxsr, mmx, sse, sse2, sse3, ssse3, sse4.1, sse4.2, popcnt, ht

Memory: 4k page, physical 6200096k(1447872k free), swap 8906404k(2502448k free)

vm_info: Java HotSpot(TM) 64-Bit Server VM (22.0-b10) for windows-amd64 JRE (1.7.0_02-b13), built on Nov 17 2011 13:51:15 by "java_re" with unknown MS VC++:1600

time: Sun Sep 21 16:03:42 2014
elapsed time: 70 seconds

