#
# A fatal error has been detected by the Java Runtime Environment:
#
#  EXCEPTION_ACCESS_VIOLATION (0xc0000005) at pc=0x000000005f911d44, pid=8636, tid=9108
#
# JRE version: 7.0_02-b13
# Java VM: Java HotSpot(TM) 64-Bit Server VM (22.0-b10 mixed mode windows-amd64 compressed oops)
# Problematic frame:
# V  [jvm.dll+0x41d44]
#
# Failed to write core dump. Minidumps are not enabled by default on client versions of Windows
#
# If you would like to submit a bug report, please visit:
#   http://bugreport.sun.com/bugreport/crash.jsp
#

---------------  T H R E A D  ---------------

Current thread (0x00000000023fd000):  JavaThread "main" [_thread_in_vm, id=9108, stack(0x00000000026e0000,0x00000000027e0000)]

siginfo: ExceptionCode=0xc0000005, reading address 0x000020000662d830

Registers:
RAX=0x0000000002269e40, RBX=0x000020000662d830, RCX=0x000000000225c380, RDX=0x0000000000001f82
RSP=0x00000000027da960, RBP=0x000000000000000e, RSI=0x0000000061adef24, RDI=0x00000000027daa50
R8 =0x000000000859343b, R9 =0x000000000000000e, R10=0x0000000000001f82, R11=0x0000000008593449
R12=0x000000000859343b, R13=0x000000000859343b, R14=0x00000000000002c6, R15=0x00000000027db140
RIP=0x000000005f911d44, EFLAGS=0x0000000000010206

Top of Stack: (sp=0x00000000027da960)
0x00000000027da960:   00000000023fd000 00000000090fa8e8
0x00000000027da970:   00000000023fd000 0000000000000180
0x00000000027da980:   00000000000002c6 000000005f911df7
0x00000000027da990:   000000000859343b 00000000027daad0
0x00000000027da9a0:   000000000000000e 00000000027daa50
0x00000000027da9b0:   0000000061adef24 0000000000003cbc
0x00000000027da9c0:   000000000000000e 000000005f8f61c4
0x00000000027da9d0:   00000000023fd000 00000000023fd000
0x00000000027da9e0:   00000000027daad0 00000000027daad0
0x00000000027da9f0:   00000000027daae0 00000000027daac0
0x00000000027daa00:   00000000023fd000 3b54b9c0343b7e5a
0x00000000027daa10:   00b816e10000000e 0000036e00000002
0x00000000027daa20:   0000000008590d30 00000000085970f7
0x00000000027daa30:   0000000008593449 00000000027db460
0x00000000027daa40:   0000000000000001 0000000000000002
0x00000000027daa50:   0000000061adef24 00000000027db270 

Instructions: (pc=0x000000005f911d44)
0x000000005f911d24:   41 54 48 83 ec 20 48 8b 41 08 4c 63 d2 41 8b e9
0x000000005f911d34:   4a 8b 1c d0 4d 8b e0 48 85 db 74 28 8b 74 24 50
0x000000005f911d44:   39 33 75 16 48 8b 7b 10 44 8b c5 49 8b d4 48 8b
0x000000005f911d54:   cf e8 06 85 0a 00 84 c0 75 27 48 8b 5b 08 48 83 


Register to memory mapping:

RAX=0x0000000002269e40 is an unknown value
RBX=0x000020000662d830 is an unknown value
RCX=0x000000000225c380 is an unknown value
RDX=0x0000000000001f82 is an unknown value
RSP=0x00000000027da960 is pointing into the stack for thread: 0x00000000023fd000
RBP=0x000000000000000e is an unknown value
RSI=0x0000000061adef24 is an unknown value
RDI=0x00000000027daa50 is pointing into the stack for thread: 0x00000000023fd000
R8 =0x000000000859343b is an unknown value
R9 =0x000000000000000e is an unknown value
R10=0x0000000000001f82 is an unknown value
R11=0x0000000008593449 is an unknown value
R12=0x000000000859343b is an unknown value
R13=0x000000000859343b is an unknown value
R14=0x00000000000002c6 is an unknown value
R15=0x00000000027db140 is pointing into the stack for thread: 0x00000000023fd000


Stack: [0x00000000026e0000,0x00000000027e0000],  sp=0x00000000027da960,  free space=1002k
Native frames: (J=compiled Java code, j=interpreted, Vv=VM code, C=native code)
V  [jvm.dll+0x41d44]

Java frames: (J=compiled Java code, j=interpreted, Vv=VM code)
j  java.lang.ClassLoader.defineClass1(Ljava/lang/String;[BIILjava/security/ProtectionDomain;Ljava/lang/String;)Ljava/lang/Class;+0
j  java.lang.ClassLoader.defineClass(Ljava/lang/String;[BIILjava/security/ProtectionDomain;)Ljava/lang/Class;+30
j  java.security.SecureClassLoader.defineClass(Ljava/lang/String;[BIILjava/security/CodeSource;)Ljava/lang/Class;+12
j  java.net.URLClassLoader.defineClass(Ljava/lang/String;Lsun/misc/Resource;)Ljava/lang/Class;+220
j  java.net.URLClassLoader.access$100(Ljava/net/URLClassLoader;Ljava/lang/String;Lsun/misc/Resource;)Ljava/lang/Class;+3
j  java.net.URLClassLoader$1.run()Ljava/lang/Class;+43
j  java.net.URLClassLoader$1.run()Ljava/lang/Object;+1
v  ~StubRoutines::call_stub
j  java.security.AccessController.doPrivileged(Ljava/security/PrivilegedExceptionAction;Ljava/security/AccessControlContext;)Ljava/lang/Object;+0
j  java.net.URLClassLoader.findClass(Ljava/lang/String;)Ljava/lang/Class;+13
j  org.codehaus.plexus.classworlds.realm.ClassRealm.loadClassFromSelf(Ljava/lang/String;)Ljava/lang/Class;+20
j  org.codehaus.plexus.classworlds.strategy.SelfFirstStrategy.loadClass(Ljava/lang/String;)Ljava/lang/Class;+18
j  org.codehaus.plexus.classworlds.realm.ClassRealm.unsynchronizedLoadClass(Ljava/lang/String;Z)Ljava/lang/Class;+13
j  org.codehaus.plexus.classworlds.realm.ClassRealm.loadClass(Ljava/lang/String;Z)Ljava/lang/Class;+9
j  org.codehaus.plexus.classworlds.realm.ClassRealm.loadClass(Ljava/lang/String;)Ljava/lang/Class;+3
v  ~StubRoutines::call_stub
j  java.lang.Class.getDeclaredConstructors0(Z)[Ljava/lang/reflect/Constructor;+0
j  java.lang.Class.privateGetDeclaredConstructors(Z)[Ljava/lang/reflect/Constructor;+81
j  java.lang.Class.getConstructor0([Ljava/lang/Class;I)Ljava/lang/reflect/Constructor;+10
j  java.lang.Class.newInstance0()Ljava/lang/Object;+32
j  java.lang.Class.newInstance()Ljava/lang/Object;+15
j  org.codehaus.plexus.component.configurator.converters.AbstractConfigurationConverter.instantiateObject(Ljava/lang/Class;)Ljava/lang/Object;+1
j  org.codehaus.plexus.component.configurator.converters.composite.ObjectWithFieldsConverter.fromConfiguration(Lorg/codehaus/plexus/component/configurator/converters/lookup/ConverterLookup;Lorg/codehaus/plexus/configuration/PlexusConfiguration;Ljava/lang/Class;Ljava/lang/Class;Ljava/lang/ClassLoader;Lorg/codehaus/plexus/component/configurator/expression/ExpressionEvaluator;Lorg/codehaus/plexus/component/configurator/ConfigurationListener;)Ljava/lang/Object;+58
j  org.eclipse.sisu.plexus.CompositeBeanHelper.convertProperty(Ljava/lang/Class;Ljava/lang/Class;Ljava/lang/reflect/Type;Lorg/codehaus/plexus/configuration/PlexusConfiguration;)Ljava/lang/Object;+88
j  org.eclipse.sisu.plexus.CompositeBeanHelper.setProperty(Ljava/lang/Object;Ljava/lang/String;Ljava/lang/Class;Lorg/codehaus/plexus/configuration/PlexusConfiguration;)V+285
j  org.codehaus.plexus.component.configurator.converters.composite.ObjectWithFieldsConverter.processConfiguration(Lorg/codehaus/plexus/component/configurator/converters/lookup/ConverterLookup;Ljava/lang/Object;Ljava/lang/ClassLoader;Lorg/codehaus/plexus/configuration/PlexusConfiguration;Lorg/codehaus/plexus/component/configurator/expression/ExpressionEvaluator;Lorg/codehaus/plexus/component/configurator/ConfigurationListener;)V+80
j  org.codehaus.plexus.component.configurator.BasicComponentConfigurator.configureComponent(Ljava/lang/Object;Lorg/codehaus/plexus/configuration/PlexusConfiguration;Lorg/codehaus/plexus/component/configurator/expression/ExpressionEvaluator;Lorg/codehaus/plexus/classworlds/realm/ClassRealm;Lorg/codehaus/plexus/component/configurator/ConfigurationListener;)V+36
j  org.apache.maven.plugin.internal.DefaultMavenPluginManager.populatePluginFields(Ljava/lang/Object;Lorg/apache/maven/plugin/descriptor/MojoDescriptor;Lorg/codehaus/plexus/classworlds/realm/ClassRealm;Lorg/codehaus/plexus/configuration/PlexusConfiguration;Lorg/codehaus/plexus/component/configurator/expression/ExpressionEvaluator;)V+122
j  org.apache.maven.plugin.internal.DefaultMavenPluginManager.getConfiguredMojo(Ljava/lang/Class;Lorg/apache/maven/execution/MavenSession;Lorg/apache/maven/plugin/MojoExecution;)Ljava/lang/Object;+630
j  org.apache.maven.plugin.DefaultBuildPluginManager.executeMojo(Lorg/apache/maven/execution/MavenSession;Lorg/apache/maven/plugin/MojoExecution;)V+108
j  org.apache.maven.lifecycle.internal.MojoExecutor.execute(Lorg/apache/maven/execution/MavenSession;Lorg/apache/maven/plugin/MojoExecution;Lorg/apache/maven/lifecycle/internal/ProjectIndex;Lorg/apache/maven/lifecycle/internal/DependencyContext;)V+215
j  org.apache.maven.lifecycle.internal.MojoExecutor.execute(Lorg/apache/maven/execution/MavenSession;Lorg/apache/maven/plugin/MojoExecution;Lorg/apache/maven/lifecycle/internal/ProjectIndex;Lorg/apache/maven/lifecycle/internal/DependencyContext;Lorg/apache/maven/lifecycle/internal/PhaseRecorder;)V+6
j  org.apache.maven.lifecycle.internal.MojoExecutor.execute(Lorg/apache/maven/execution/MavenSession;Ljava/util/List;Lorg/apache/maven/lifecycle/internal/ProjectIndex;)V+60
j  org.apache.maven.lifecycle.internal.LifecycleModuleBuilder.buildProject(Lorg/apache/maven/execution/MavenSession;Lorg/apache/maven/execution/MavenSession;Lorg/apache/maven/lifecycle/internal/ReactorContext;Lorg/apache/maven/project/MavenProject;Lorg/apache/maven/lifecycle/internal/TaskSegment;)V+176
j  org.apache.maven.lifecycle.internal.LifecycleModuleBuilder.buildProject(Lorg/apache/maven/execution/MavenSession;Lorg/apache/maven/lifecycle/internal/ReactorContext;Lorg/apache/maven/project/MavenProject;Lorg/apache/maven/lifecycle/internal/TaskSegment;)V+7
j  org.apache.maven.lifecycle.internal.builder.singlethreaded.SingleThreadedBuilder.build(Lorg/apache/maven/execution/MavenSession;Lorg/apache/maven/lifecycle/internal/ReactorContext;Lorg/apache/maven/lifecycle/internal/ProjectBuildList;Ljava/util/List;Lorg/apache/maven/lifecycle/internal/ReactorBuildStatus;)V+77
j  org.apache.maven.lifecycle.internal.LifecycleStarter.execute(Lorg/apache/maven/execution/MavenSession;)V+346
j  org.apache.maven.DefaultMaven.doExecute(Lorg/apache/maven/execution/MavenExecutionRequest;)Lorg/apache/maven/execution/MavenExecutionResult;+554
j  org.apache.maven.DefaultMaven.execute(Lorg/apache/maven/execution/MavenExecutionRequest;)Lorg/apache/maven/execution/MavenExecutionResult;+11
j  org.apache.maven.cli.MavenCli.execute(Lorg/apache/maven/cli/MavenCli$CliRequest;)I+19
j  org.apache.maven.cli.MavenCli.doMain(Lorg/apache/maven/cli/MavenCli$CliRequest;)I+61
j  org.apache.maven.cli.MavenCli.main([Ljava/lang/String;Lorg/codehaus/plexus/classworlds/ClassWorld;)I+18
v  ~StubRoutines::call_stub
j  sun.reflect.NativeMethodAccessorImpl.invoke0(Ljava/lang/reflect/Method;Ljava/lang/Object;[Ljava/lang/Object;)Ljava/lang/Object;+0
j  sun.reflect.NativeMethodAccessorImpl.invoke(Ljava/lang/Object;[Ljava/lang/Object;)Ljava/lang/Object;+87
j  sun.reflect.DelegatingMethodAccessorImpl.invoke(Ljava/lang/Object;[Ljava/lang/Object;)Ljava/lang/Object;+6
j  java.lang.reflect.Method.invoke(Ljava/lang/Object;[Ljava/lang/Object;)Ljava/lang/Object;+57
j  org.codehaus.plexus.classworlds.launcher.Launcher.launchEnhanced([Ljava/lang/String;)V+45
j  org.codehaus.plexus.classworlds.launcher.Launcher.launch([Ljava/lang/String;)V+2
j  org.codehaus.plexus.classworlds.launcher.Launcher.mainWithExitCode([Ljava/lang/String;)I+101
j  org.codehaus.plexus.classworlds.launcher.Launcher.main([Ljava/lang/String;)V+1
v  ~StubRoutines::call_stub

---------------  P R O C E S S  ---------------

Java Threads: ( => current thread )
  0x00000000066af800 JavaThread "Service Thread" daemon [_thread_blocked, id=1620, stack(0x00000000075a0000,0x00000000076a0000)]
  0x00000000066a8800 JavaThread "C2 CompilerThread1" daemon [_thread_blocked, id=8608, stack(0x0000000007400000,0x0000000007500000)]
  0x0000000006694000 JavaThread "C2 CompilerThread0" daemon [_thread_blocked, id=1520, stack(0x0000000007280000,0x0000000007380000)]
  0x0000000006691000 JavaThread "Attach Listener" daemon [_thread_blocked, id=4172, stack(0x0000000007180000,0x0000000007280000)]
  0x000000000668c000 JavaThread "Signal Dispatcher" daemon [_thread_blocked, id=8064, stack(0x0000000006fc0000,0x00000000070c0000)]
  0x0000000002314000 JavaThread "Finalizer" daemon [_thread_blocked, id=8060, stack(0x0000000006de0000,0x0000000006ee0000)]
  0x000000000230d000 JavaThread "Reference Handler" daemon [_thread_blocked, id=3648, stack(0x0000000006b70000,0x0000000006c70000)]
=>0x00000000023fd000 JavaThread "main" [_thread_in_vm, id=9108, stack(0x00000000026e0000,0x00000000027e0000)]

Other Threads:
  0x0000000002305800 VMThread [stack: 0x0000000006910000,0x0000000006a10000] [id=8676]
  0x00000000066c8800 WatcherThread [stack: 0x0000000007740000,0x0000000007840000] [id=9000]

VM state:not at safepoint (normal execution)

VM Mutex/Monitor currently owned by a thread: None

Heap
 PSYoungGen      total 100800K, used 36764K [0x00000000e0760000, 0x00000000e6dc0000, 0x0000000100000000)
  eden space 96768K, 33% used [0x00000000e0760000,0x00000000e2757060,0x00000000e65e0000)
  from space 4032K, 100% used [0x00000000e69d0000,0x00000000e6dc0000,0x00000000e6dc0000)
  to   space 4032K, 0% used [0x00000000e65e0000,0x00000000e65e0000,0x00000000e69d0000)
 PSOldGen        total 64640K, used 8617K [0x00000000a1600000, 0x00000000a5520000, 0x00000000e0760000)
  object space 64640K, 13% used [0x00000000a1600000,0x00000000a1e6a550,0x00000000a5520000)
 PSPermGen       total 21248K, used 15438K [0x000000009c400000, 0x000000009d8c0000, 0x00000000a1600000)
  object space 21248K, 72% used [0x000000009c400000,0x000000009d313b40,0x000000009d8c0000)

Code Cache  [0x00000000027e0000, 0x0000000002a50000, 0x00000000057e0000)
 total_blobs=709 nmethods=423 adapters=238 free_code_cache=47574Kb largest_free_block=48673024

Dynamic libraries:
0x000000013f200000 - 0x000000013f233000 	C:\Program Files\Java\jdk1.7.0_02\bin\java.exe
0x00000000779c0000 - 0x0000000077b69000 	C:\Windows\SYSTEM32\ntdll.dll
0x00000000772e0000 - 0x00000000773ff000 	C:\Windows\system32\kernel32.dll
0x000007fefd1d0000 - 0x000007fefd23b000 	C:\Windows\system32\KERNELBASE.dll
0x000007fefeee0000 - 0x000007fefefbb000 	C:\Windows\system32\ADVAPI32.dll
0x000007fefd5e0000 - 0x000007fefd67f000 	C:\Windows\system32\msvcrt.dll
0x000007fefec40000 - 0x000007fefec5f000 	C:\Windows\SYSTEM32\sechost.dll
0x000007fefecd0000 - 0x000007fefedfd000 	C:\Windows\system32\RPCRT4.dll
0x00000000776b0000 - 0x00000000777aa000 	C:\Windows\system32\USER32.dll
0x000007fefec60000 - 0x000007fefecc7000 	C:\Windows\system32\GDI32.dll
0x000007fefdb10000 - 0x000007fefdb1e000 	C:\Windows\system32\LPK.dll
0x000007fefd510000 - 0x000007fefd5d9000 	C:\Windows\system32\USP10.dll
0x000007fefbd30000 - 0x000007fefbf24000 	C:\Windows\WinSxS\amd64_microsoft.windows.common-controls_6595b64144ccf1df_6.0.7601.17514_none_fa396087175ac9ac\COMCTL32.dll
0x000007fefdb20000 - 0x000007fefdb91000 	C:\Windows\system32\SHLWAPI.dll
0x000007fefdc00000 - 0x000007fefdc2e000 	C:\Windows\system32\IMM32.DLL
0x000007fefdcd0000 - 0x000007fefddd9000 	C:\Windows\system32\MSCTF.dll
0x000007fefd0e0000 - 0x000007fefd120000 	C:\Windows\system32\nvinitx.dll
0x00000000660c0000 - 0x0000000066191000 	C:\Program Files\Java\jdk1.7.0_02\jre\bin\msvcr100.dll
0x000000005f8d0000 - 0x000000005ffaa000 	C:\Program Files\Java\jdk1.7.0_02\jre\bin\server\jvm.dll
0x000007fef7700000 - 0x000007fef7709000 	C:\Windows\system32\WSOCK32.dll
0x000007fefebf0000 - 0x000007fefec3d000 	C:\Windows\system32\WS2_32.dll
0x000007fefefc0000 - 0x000007fefefc8000 	C:\Windows\system32\NSI.dll
0x000007fefabc0000 - 0x000007fefabfb000 	C:\Windows\system32\WINMM.dll
0x0000000077b80000 - 0x0000000077b87000 	C:\Windows\system32\PSAPI.DLL
0x0000000066230000 - 0x000000006623f000 	C:\Program Files\Java\jdk1.7.0_02\jre\bin\verify.dll
0x0000000066200000 - 0x0000000066228000 	C:\Program Files\Java\jdk1.7.0_02\jre\bin\java.dll
0x00000000661e0000 - 0x00000000661f5000 	C:\Program Files\Java\jdk1.7.0_02\jre\bin\zip.dll
0x00000000661c0000 - 0x00000000661d9000 	C:\Program Files\Java\jdk1.7.0_02\jre\bin\net.dll
0x000007fefc910000 - 0x000007fefc965000 	C:\Windows\system32\mswsock.dll
0x000007fefc900000 - 0x000007fefc907000 	C:\Windows\System32\wship6.dll
0x00000000661a0000 - 0x00000000661b1000 	C:\Program Files\Java\jdk1.7.0_02\jre\bin\nio.dll

VM Arguments:
jvm_args: -Dclassworlds.conf=C:\apache\maven\apache-maven-3.2.3\bin\..\bin\m2.conf -Dmaven.home=C:\apache\maven\apache-maven-3.2.3\bin\.. 
java_command: org.codehaus.plexus.classworlds.launcher.Launcher jetty:run
Launcher Type: SUN_STANDARD

Environment Variables:
JAVA_HOME=C:\Program Files\Java\jdk1.7.0_02
CLASSPATH=.;C:\tibcosoar\ems\7.0/lib/jms.jar;C:\tibcosoar\ems\7.0/lib/tibjms.jar;C:\tibcosoar\ems\7.0/lib/tibjmsufo.jar;C:\tibcosoar\ems\7.0/lib/tibcrypt.jar;C:\tibcosoar\ems\7.0/lib/tibjmsadmin.jar;C:\tibcosoar\ems\7.0/lib/slf4j-api-1.4.2.jar;C:\tibcosoar\ems\7.0/lib/slf4j-simple-1.4.2.jar
PATH=C:\oraclexe\app\oracle\product\10.2.0\server\Bin;C:\tibcosoar\as\2.1\lib;C:\tibcosoar\as\2.1\bin;C:\oraclexe\app\oracle\product\10.2.0\server\bin;C:\tibcosoar\tibrv\8.4\bin;C:\tibco\tibrv\8.2\bin;C:\tibco\tibrv\8.1\bin;C:\Program Files (x86)\NVIDIA Corporation\PhysX\Common;C:\Windows\system32;C:\Windows;C:\Windows\System32\Wbem;C:\Windows\System32\WindowsPowerShell\v1.0\;C:\Program Files\WIDCOMM\Bluetooth Software\;C:\Program Files\WIDCOMM\Bluetooth Software\syswow64;C:\Program Files\TortoiseSVN\bin;C:\xampp\php;4.940656E-324MS_HOME\bin;C:\Program Files (x86)\VisualSVN Server\bin;C:\Program Files (x86)\QuickTime\QTSystem\;C:\Program Files\Microsoft\Web Platform Installer\;C:\Program Files (x86)\Microsoft ASP.NET\ASP.NET Web Pages\v1.0\;C:\Program Files (x86)\Windows Kits\8.0\Windows Performance Toolkit\;C:\Program Files\Microsoft SQL Server\110\Tools\Binn\;C:\Program Files (x86)\Git\cmd;C:\Program Files\nodejs\;C:\Program Files (x86)\Heroku\bin;C:\Program Files (x86)\git\cmd;C:\tcc;C:\xampp\mysql\bin;C:\Program Files\Java\jdk1.7.0_02\bin;C:\apache-ant-1.8.3\bin;C:\tibcosoar\as\2.1\lib;C:\tibcosoar\ems\7.0\bin;C:\apache\maven\apache-maven-3.2.3\bin;C:\Users\Demetrious Zoello\AppData\Roaming\npm
USERNAME=Demetrious Zoello
OS=Windows_NT
PROCESSOR_IDENTIFIER=Intel64 Family 6 Model 42 Stepping 7, GenuineIntel



---------------  S Y S T E M  ---------------

OS: Windows 7 , 64 bit Build 7601 Service Pack 1

CPU:total 4 (2 cores per cpu, 2 threads per core) family 6 model 42 stepping 7, cmov, cx8, fxsr, mmx, sse, sse2, sse3, ssse3, sse4.1, sse4.2, popcnt, ht

Memory: 4k page, physical 6200096k(1984404k free), swap 8906404k(3137908k free)

vm_info: Java HotSpot(TM) 64-Bit Server VM (22.0-b10) for windows-amd64 JRE (1.7.0_02-b13), built on Nov 17 2011 13:51:15 by "java_re" with unknown MS VC++:1600

time: Sun Sep 21 15:59:08 2014
elapsed time: 6 seconds

